<?xml version="1.0" encoding="UTF-8"?>
<!-- Generated by org.testng.reporters.JUnitXMLReporter -->
<testsuite ignored="3" hostname="DESKTOP-0PPKKSD" failures="0" tests="2" name="Grouping" time="9.338" errors="0" timestamp="2024-12-19T14:30:25 IST">
  <testcase classname="testscript.UserLoginTest" name="verifyInvalidUserValidPassword" time="2.474"/>
  <testcase classname="testscript.UserLoginTest" name="verifyValidUserInalidPassword" time="1.06"/>
  <testcase classname="testscript.UserLoginTest" name="verifyUserLoginWithInValidCredentials" time="0.0">
    <ignored/>
  </testcase> <!-- verifyUserLoginWithInValidCredentials -->
  <testcase classname="testscript.UserLoginTest" name="verifywithInvalidUsernameInvalidPassword" time="0.0">
    <ignored/>
  </testcase> <!-- verifywithInvalidUsernameInvalidPassword -->
  <testcase classname="testscript.UserLoginTest" name="verifyValidCredentials" time="0.0">
    <ignored/>
  </testcase> <!-- verifyValidCredentials -->
</testsuite> <!-- Grouping -->
