<?xml version="1.0" encoding="UTF-8"?>
<testng-results ignored="0" total="1" passed="1" failed="0" skipped="0">
  <reporter-output>
  </reporter-output>
  <suite started-at="2024-12-11T19:16:27 IST" name="Default suite" finished-at="2024-12-11T19:16:33 IST" duration-ms="6351">
    <groups>
    </groups>
    <test started-at="2024-12-11T19:16:27 IST" name="Default test" finished-at="2024-12-11T19:16:33 IST" duration-ms="6351">
      <class name="testscript.EditCategoryTest">
        <test-method is-config="true" signature="beforeMethod()[pri:0, instance:testscript.EditCategoryTest@4b8ee4de]" started-at="2024-12-11T19:16:27 IST" name="beforeMethod" finished-at="2024-12-11T19:16:30 IST" duration-ms="2755" status="PASS">
          <reporter-output>
          </reporter-output>
        </test-method> <!-- beforeMethod -->
        <test-method signature="editcategoryvalues()[pri:0, instance:testscript.EditCategoryTest@4b8ee4de]" started-at="2024-12-11T19:16:30 IST" name="editcategoryvalues" finished-at="2024-12-11T19:16:33 IST" duration-ms="3547" status="PASS">
          <reporter-output>
          </reporter-output>
        </test-method> <!-- editcategoryvalues -->
        <test-method is-config="true" signature="afterMethod()[pri:0, instance:testscript.EditCategoryTest@4b8ee4de]" started-at="2024-12-11T19:16:33 IST" name="afterMethod" finished-at="2024-12-11T19:16:33 IST" duration-ms="0" status="PASS">
          <reporter-output>
          </reporter-output>
        </test-method> <!-- afterMethod -->
      </class> <!-- testscript.EditCategoryTest -->
    </test> <!-- Default test -->
  </suite> <!-- Default suite -->
</testng-results>
