<?xml version="1.0" encoding="UTF-8"?>
<!-- Generated by org.testng.reporters.JUnitXMLReporter -->
<testsuite ignored="0" hostname="DESKTOP-0PPKKSD" failures="1" tests="1" name="EdgeTest" time="6.281" errors="0" timestamp="2024-12-18T14:52:45 IST">
  <testcase classname="testscript.AdminUserSearchTest" name="usersearch" time="0.98">
    <failure type="org.apache.poi.ooxml.POIXMLException" message="org.apache.poi.openxml4j.exceptions.InvalidFormatException: Package should contain a content type part [M1.13]">
      <![CDATA[org.apache.poi.ooxml.POIXMLException: org.apache.poi.openxml4j.exceptions.InvalidFormatException: Package should contain a content type part [M1.13]
at org.apache.poi.ooxml.util.PackageHelper.open(PackageHelper.java:66)
at org.apache.poi.xssf.usermodel.XSSFWorkbook.<init>(XSSFWorkbook.java:315)
at org.apache.poi.xssf.usermodel.XSSFWorkbook.<init>(XSSFWorkbook.java:289)
at utilities.ExcelUtility.readStringData(ExcelUtility.java:21)
at testscript.AdminUserSearchTest.usersearch(AdminUserSearchTest.java:25)
at java.base/java.util.ArrayList.forEach(ArrayList.java:1597)
at java.base/java.util.concurrent.FutureTask.run(FutureTask.java:317)
at java.base/java.util.concurrent.ThreadPoolExecutor.runWorker(ThreadPoolExecutor.java:1144)
at java.base/java.util.concurrent.ThreadPoolExecutor$Worker.run(ThreadPoolExecutor.java:642)
at java.base/java.lang.Thread.run(Thread.java:1570)
Caused by: org.apache.poi.openxml4j.exceptions.InvalidFormatException: Package should contain a content type part [M1.13]
at org.apache.poi.openxml4j.opc.ZipPackage.getPartsImpl(ZipPackage.java:300)
at org.apache.poi.openxml4j.opc.OPCPackage.getParts(OPCPackage.java:781)
at org.apache.poi.openxml4j.opc.OPCPackage.open(OPCPackage.java:354)
at org.apache.poi.ooxml.util.PackageHelper.open(PackageHelper.java:64)
... 25 more
... Removed 16 stack frames]]>
    </failure>
  </testcase> <!-- usersearch -->
</testsuite> <!-- EdgeTest -->
